c:\users\edpscr\source\repos\shrekbot\shrekbot\debug\shrekbot.pch
c:\users\edpscr\source\repos\shrekbot\shrekbot\debug\vc141.pdb
c:\users\edpscr\source\repos\shrekbot\shrekbot\debug\vc141.idb
c:\users\edpscr\source\repos\shrekbot\shrekbot\debug\pch.obj
c:\users\edpscr\source\repos\shrekbot\shrekbot\debug\shrekbot.obj
c:\users\edpscr\source\repos\shrekbot\shrekbot\debug\abilityupgrade.obj
c:\users\edpscr\source\repos\shrekbot\shrekbot\debug\utilmanager.obj
c:\users\edpscr\source\repos\shrekbot\shrekbot\debug\abilitymanager.obj
c:\users\edpscr\source\repos\shrekbot\shrekbot\debug\windowmanager.obj
c:\users\edpscr\source\repos\shrekbot\shrekbot\debug\autoqueuer.obj
c:\users\edpscr\source\repos\shrekbot\shrekbot\debug\titlemanager.obj
c:\users\edpscr\source\repos\shrekbot\shrekbot\debug\shrekai.obj
c:\users\edpscr\source\repos\shrekbot\debug\shrekbot.pdb
c:\users\edpscr\source\repos\shrekbot\debug\shrekbot.exe
c:\users\edpscr\source\repos\shrekbot\debug\shrekbot.ilk
c:\users\edpscr\source\repos\shrekbot\shrekbot\debug\shrekbot.tlog\cl.command.1.tlog
c:\users\edpscr\source\repos\shrekbot\shrekbot\debug\shrekbot.tlog\cl.read.1.tlog
c:\users\edpscr\source\repos\shrekbot\shrekbot\debug\shrekbot.tlog\cl.write.1.tlog
c:\users\edpscr\source\repos\shrekbot\shrekbot\debug\shrekbot.tlog\link.command.1.tlog
c:\users\edpscr\source\repos\shrekbot\shrekbot\debug\shrekbot.tlog\link.read.1.tlog
c:\users\edpscr\source\repos\shrekbot\shrekbot\debug\shrekbot.tlog\link.write.1.tlog
